<?xml version="1.0" encoding="UTF-8"?>
<!-- Generated by org.testng.reporters.JUnitXMLReporter -->
<testsuite ignored="0" hostname="RD-R-DT-7017" failures="1" tests="1" name="Surefire test" time="28.404" errors="0" timestamp="2025-02-18T15:27:21 EET">
  <testcase classname="com.rivtrans.tests.SecurityCheckTest" name="testIvalidLoginErrorMessage" time="10.006">
    <failure type="java.lang.NullPointerException" message="Cannot invoke &amp;quot;org.openqa.selenium.WebDriver.findElement(org.openqa.selenium.By)&amp;quot; because &amp;quot;com.rivtrans.base.BasePage.driver&amp;quot; is null">
      <![CDATA[java.lang.NullPointerException: Cannot invoke "org.openqa.selenium.WebDriver.findElement(org.openqa.selenium.By)" because "com.rivtrans.base.BasePage.driver" is null
at com.rivtrans.base.BasePage.find(BasePage.java:18)
at com.rivtrans.base.BasePage.set(BasePage.java:29)
at com.rivtrans.pages.LoginPage.setLoginpageUserName(LoginPage.java:16)
at com.rivtrans.pages.LoginPage.invalidLogin(LoginPage.java:31)
at com.rivtrans.tests.SecurityCheckTest.testIvalidLoginErrorMessage(SecurityCheckTest.java:14)
at java.base/java.util.ArrayList.forEach(ArrayList.java:1597)
... Removed 30 stack frames]]>
    </failure>
  </testcase> <!-- testIvalidLoginErrorMessage -->
</testsuite> <!-- Surefire test -->
