<?xml version="1.0" encoding="UTF-8"?>
<!-- Generated by org.testng.reporters.JUnitXMLReporter -->
<testsuite ignored="0" hostname="RD-R-DT-7017" failures="0" tests="3" name="Surefire test" time="26.475" errors="0" timestamp="2025-03-12T12:28:42 EET">
  <testcase classname="com.rivtrans.tests.CountriesTest" name="validLoginVisbleLoge" time="6.865"/>
  <testcase classname="com.rivtrans.tests.HomeTest" name="validLoginVisbleLoge" time="1.516"/>
  <testcase classname="com.rivtrans.tests.LoginTest" name="invalidLogin" time="0.383"/>
</testsuite> <!-- Surefire test -->
