<?xml version="1.0" encoding="UTF-8"?>
<testng-results ignored="0" total="1" passed="1" failed="0" skipped="0">
  <reporter-output>
  </reporter-output>
  <suite started-at="2025-02-19T15:32:39 EET" name="Suite" finished-at="2025-02-19T15:32:57 EET" duration-ms="18270">
    <groups>
    </groups>
    <test started-at="2025-02-19T15:32:39 EET" name="Test" finished-at="2025-02-19T15:32:57 EET" duration-ms="18270">
      <class name="com.rivtrans.tests.SecurityCheckTest">
        <test-method is-config="true" signature="setUp()[pri:0, instance:com.rivtrans.tests.SecurityCheckTest@23348b5d]" started-at="2025-02-19T15:32:39 EET" name="setUp" finished-at="2025-02-19T15:32:55 EET" duration-ms="16604" status="PASS">
          <reporter-output>
          </reporter-output>
        </test-method> <!-- setUp -->
        <test-method signature="testIvalidLoginErrorMessage()[pri:0, instance:com.rivtrans.tests.SecurityCheckTest@23348b5d]" started-at="2025-02-19T15:32:55 EET" name="testIvalidLoginErrorMessage" finished-at="2025-02-19T15:32:57 EET" duration-ms="1406" status="PASS">
          <reporter-output>
          </reporter-output>
        </test-method> <!-- testIvalidLoginErrorMessage -->
        <test-method is-config="true" signature="teatDown()[pri:0, instance:com.rivtrans.tests.SecurityCheckTest@23348b5d]" started-at="2025-02-19T15:32:57 EET" name="teatDown" finished-at="2025-02-19T15:32:57 EET" duration-ms="204" status="PASS">
          <reporter-output>
          </reporter-output>
        </test-method> <!-- teatDown -->
      </class> <!-- com.rivtrans.tests.SecurityCheckTest -->
    </test> <!-- Test -->
  </suite> <!-- Suite -->
</testng-results>
