<?xml version="1.0" encoding="UTF-8"?>
<testng-results ignored="0" total="1" passed="1" failed="0" skipped="0">
  <reporter-output>
  </reporter-output>
  <suite started-at="2025-03-09T10:21:56 EET" name="Suite" finished-at="2025-03-09T10:22:01 EET" duration-ms="4928">
    <groups>
    </groups>
    <test started-at="2025-03-09T10:21:56 EET" name="Test" finished-at="2025-03-09T10:22:01 EET" duration-ms="4928">
      <class name="com.rivtrans.tests.HomeTest">
        <test-method is-config="true" signature="setUp()[pri:0, instance:com.rivtrans.tests.HomeTest@394df057]" started-at="2025-03-09T10:21:56 EET" name="setUp" finished-at="2025-03-09T10:22:00 EET" duration-ms="4304" status="PASS">
          <reporter-output>
          </reporter-output>
        </test-method> <!-- setUp -->
        <test-method signature="validLogin()[pri:0, instance:com.rivtrans.tests.HomeTest@394df057]" started-at="2025-03-09T10:22:00 EET" name="validLogin" finished-at="2025-03-09T10:22:01 EET" duration-ms="328" status="PASS">
          <reporter-output>
          </reporter-output>
        </test-method> <!-- validLogin -->
        <test-method is-config="true" signature="teatDown()[pri:0, instance:com.rivtrans.tests.HomeTest@394df057]" started-at="2025-03-09T10:22:01 EET" name="teatDown" finished-at="2025-03-09T10:22:01 EET" duration-ms="227" status="PASS">
          <reporter-output>
          </reporter-output>
        </test-method> <!-- teatDown -->
      </class> <!-- com.rivtrans.tests.HomeTest -->
    </test> <!-- Test -->
  </suite> <!-- Suite -->
</testng-results>
